<?xml version="1.0" encoding="UTF-8" ?>
<testsuite errors="0" failures="0" hostname="Adams-MacBook-Pro-2.local" name="cs200fall2016team4.JUnitTesting.deleteMemberTest" skipped="0" tests="2" time="0.05" timestamp="2016-11-28T20:34:52">
  <properties>
[...]
</properties>
  <testcase classname="cs200fall2016team4.JUnitTesting.deleteMemberTest" name="testFailure" time="0.007" />
  <testcase classname="cs200fall2016team4.JUnitTesting.deleteMemberTest" name="testSuccess" time="0.0" />
  <system-out><![CDATA[Unable to open file './DataCenter/memberlist.txt'
[H[2JDelete Member
------------

[H[2JDelete Member Failed!

Unable to open file './DataCenter/memberlist.txt'
[H[2JDelete Member
------------

Deleting Member: Billy Bob

[H[2JDeleted Member Successfully
]]></system-out>
  <system-err><![CDATA[Member not found for ID: 123456780
]]></system-err>
</testsuite>
